# JRE version: OpenJDK Runtime Environment (8.0_212-b04) (build 1.8.0_212-release-1586-b04)
# Java VM: OpenJDK 64-Bit Server VM (25.212-b04 mixed mode windows-amd64 compressed oops)
Heap:
 PSYoungGen      total 36352K, used 33570K [0x00000000e0000000, 0x00000000e3280000, 0x0000000100000000)
  eden space 31232K, 91% used [0x00000000e0000000,0x00000000e1bca060,0x00000000e1e80000)
  from space 5120K, 99% used [0x00000000e1f00000,0x00000000e23fe950,0x00000000e2400000)
  to   space 10240K, 0% used [0x00000000e2880000,0x00000000e2880000,0x00000000e3280000)
 ParOldGen       total 51712K, used 8496K [0x00000000a0000000, 0x00000000a3280000, 0x00000000e0000000)
  object space 51712K, 16% used [0x00000000a0000000,0x00000000a084c1f0,0x00000000a3280000)
 Metaspace       used 30159K, capacity 30708K, committed 30976K, reserved 1075200K
  class space    used 4092K, capacity 4299K, committed 4352K, reserved 1048576K
GC Heap History (10 events):
Event: 5.045 GC heap before
{Heap before GC invocations=6 (full 0):
 PSYoungGen      total 36352K, used 36336K [0x00000000e0000000, 0x00000000e3280000, 0x0000000100000000)
  eden space 31232K, 100% used [0x00000000e0000000,0x00000000e1e80000,0x00000000e1e80000)
  from space 5120K, 99% used [0x00000000e1f00000,0x00000000e23fc010,0x00000000e2400000)
  to   space 10240K, 0% used [0x00000000e2880000,0x00000000e2880000,0x00000000e3280000)
 ParOldGen       total 84992K, used 6830K [0x00000000a0000000, 0x00000000a5300000, 0x00000000e0000000)
  object space 84992K, 8% used [0x00000000a0000000,0x00000000a06ab950,0x00000000a5300000)
 Metaspace       used 20004K, capacity 20530K, committed 20736K, reserved 1067008K
  class space    used 2886K, capacity 3065K, committed 3072K, reserved 1048576K
Event: 5.054 GC heap after
Heap after GC invocations=6 (full 0):
 PSYoungGen      total 41472K, used 8779K [0x00000000e0000000, 0x00000000e3280000, 0x0000000100000000)
  eden space 31232K, 0% used [0x00000000e0000000,0x00000000e0000000,0x00000000e1e80000)
  from space 10240K, 85% used [0x00000000e2880000,0x00000000e3112f48,0x00000000e3280000)
  to   space 5120K, 0% used [0x00000000e1f00000,0x00000000e1f00000,0x00000000e2400000)
 ParOldGen       total 84992K, used 6838K [0x00000000a0000000, 0x00000000a5300000, 0x00000000e0000000)
  object space 84992K, 8% used [0x00000000a0000000,0x00000000a06ad950,0x00000000a5300000)
 Metaspace       used 20004K, capacity 20530K, committed 20736K, reserved 1067008K
  class space    used 2886K, capacity 3065K, committed 3072K, reserved 1048576K
}
Event: 5.131 GC heap before
{Heap before GC invocations=7 (full 0):
 PSYoungGen      total 41472K, used 13093K [0x00000000e0000000, 0x00000000e3280000, 0x0000000100000000)
  eden space 31232K, 13% used [0x00000000e0000000,0x00000000e0436688,0x00000000e1e80000)
  from space 10240K, 85% used [0x00000000e2880000,0x00000000e3112f48,0x00000000e3280000)
  to   space 5120K, 0% used [0x00000000e1f00000,0x00000000e1f00000,0x00000000e2400000)
 ParOldGen       total 84992K, used 6838K [0x00000000a0000000, 0x00000000a5300000, 0x00000000e0000000)
  object space 84992K, 8% used [0x00000000a0000000,0x00000000a06ad950,0x00000000a5300000)
 Metaspace       used 20729K, capacity 21202K, committed 21296K, reserved 1067008K
  class space    used 2985K, capacity 3161K, committed 3200K, reserved 1048576K
Event: 5.136 GC heap after
Heap after GC invocations=7 (full 0):
 PSYoungGen      total 36352K, used 5051K [0x00000000e0000000, 0x00000000e3280000, 0x0000000100000000)
  eden space 31232K, 0% used [0x00000000e0000000,0x00000000e0000000,0x00000000e1e80000)
  from space 5120K, 98% used [0x00000000e1f00000,0x00000000e23eede0,0x00000000e2400000)
  to   space 10240K, 0% used [0x00000000e2880000,0x00000000e2880000,0x00000000e3280000)
 ParOldGen       total 84992K, used 9006K [0x00000000a0000000, 0x00000000a5300000, 0x00000000e0000000)
  object space 84992K, 10% used [0x00000000a0000000,0x00000000a08cb9c0,0x00000000a5300000)
 Metaspace       used 20729K, capacity 21202K, committed 21296K, reserved 1067008K
  class space    used 2985K, capacity 3161K, committed 3200K, reserved 1048576K
}
Event: 5.136 GC heap before
{Heap before GC invocations=8 (full 1):
 PSYoungGen      total 36352K, used 5051K [0x00000000e0000000, 0x00000000e3280000, 0x0000000100000000)
  eden space 31232K, 0% used [0x00000000e0000000,0x00000000e0000000,0x00000000e1e80000)
  from space 5120K, 98% used [0x00000000e1f00000,0x00000000e23eede0,0x00000000e2400000)
  to   space 10240K, 0% used [0x00000000e2880000,0x00000000e2880000,0x00000000e3280000)
 ParOldGen       total 84992K, used 9006K [0x00000000a0000000, 0x00000000a5300000, 0x00000000e0000000)
  object space 84992K, 10% used [0x00000000a0000000,0x00000000a08cb9c0,0x00000000a5300000)
 Metaspace       used 20729K, capacity 21202K, committed 21296K, reserved 1067008K
  class space    used 2985K, capacity 3161K, committed 3200K, reserved 1048576K
Event: 5.176 GC heap after
Heap after GC invocations=8 (full 1):
 PSYoungGen      total 36352K, used 0K [0x00000000e0000000, 0x00000000e3280000, 0x0000000100000000)
  eden space 31232K, 0% used [0x00000000e0000000,0x00000000e0000000,0x00000000e1e80000)
  from space 5120K, 0% used [0x00000000e1f00000,0x00000000e1f00000,0x00000000e2400000)
  to   space 10240K, 0% used [0x00000000e2880000,0x00000000e2880000,0x00000000e3280000)
 ParOldGen       total 51712K, used 7851K [0x00000000a0000000, 0x00000000a3280000, 0x00000000e0000000)
  object space 51712K, 15% used [0x00000000a0000000,0x00000000a07aace8,0x00000000a3280000)
 Metaspace       used 20729K, capacity 21202K, committed 21296K, reserved 1067008K
  class space    used 2985K, capacity 3161K, committed 3200K, reserved 1048576K
}
Event: 5.752 GC heap before
{Heap before GC invocations=9 (full 1):
 PSYoungGen      total 36352K, used 31232K [0x00000000e0000000, 0x00000000e3280000, 0x0000000100000000)
  eden space 31232K, 100% used [0x00000000e0000000,0x00000000e1e80000,0x00000000e1e80000)
  from space 5120K, 0% used [0x00000000e1f00000,0x00000000e1f00000,0x00000000e2400000)
  to   space 10240K, 0% used [0x00000000e2880000,0x00000000e2880000,0x00000000e3280000)
 ParOldGen       total 51712K, used 7851K [0x00000000a0000000, 0x00000000a3280000, 0x00000000e0000000)
  object space 51712K, 15% used [0x00000000a0000000,0x00000000a07aace8,0x00000000a3280000)
 Metaspace       used 26196K, capacity 26730K, committed 26880K, reserved 1073152K
  class space    used 3531K, capacity 3742K, committed 3840K, reserved 1048576K
Event: 5.755 GC heap after
Heap after GC invocations=9 (full 1):
 PSYoungGen      total 41472K, used 4871K [0x00000000e0000000, 0x00000000e3280000, 0x0000000100000000)
  eden space 31232K, 0% used [0x00000000e0000000,0x00000000e0000000,0x00000000e1e80000)
  from space 10240K, 47% used [0x00000000e2880000,0x00000000e2d41d58,0x00000000e3280000)
  to   space 5120K, 0% used [0x00000000e1f00000,0x00000000e1f00000,0x00000000e2400000)
 ParOldGen       total 51712K, used 7859K [0x00000000a0000000, 0x00000000a3280000, 0x00000000e0000000)
  object space 51712K, 15% used [0x00000000a0000000,0x00000000a07acce8,0x00000000a3280000)
 Metaspace       used 26196K, capacity 26730K, committed 26880K, reserved 1073152K
  class space    used 3531K, capacity 3742K, committed 3840K, reserved 1048576K
}
Event: 6.149 GC heap before
{Heap before GC invocations=10 (full 1):
 PSYoungGen      total 41472K, used 36103K [0x00000000e0000000, 0x00000000e3280000, 0x0000000100000000)
  eden space 31232K, 100% used [0x00000000e0000000,0x00000000e1e80000,0x00000000e1e80000)
  from space 10240K, 47% used [0x00000000e2880000,0x00000000e2d41d58,0x00000000e3280000)
  to   space 5120K, 0% used [0x00000000e1f00000,0x00000000e1f00000,0x00000000e2400000)
 ParOldGen       total 51712K, used 7859K [0x00000000a0000000, 0x00000000a3280000, 0x00000000e0000000)
  object space 51712K, 15% used [0x00000000a0000000,0x00000000a07acce8,0x00000000a3280000)
 Metaspace       used 28987K, capacity 29584K, committed 29696K, reserved 1075200K
  class space    used 3905K, capacity 4095K, committed 4096K, reserved 1048576K
Event: 6.154 GC heap after
Heap after GC invocations=10 (full 1):
 PSYoungGen      total 36352K, used 5114K [0x00000000e0000000, 0x00000000e3280000, 0x0000000100000000)
  eden space 31232K, 0% used [0x00000000e0000000,0x00000000e0000000,0x00000000e1e80000)
  from space 5120K, 99% used [0x00000000e1f00000,0x00000000e23fe950,0x00000000e2400000)
  to   space 10240K, 0% used [0x00000000e2880000,0x00000000e2880000,0x00000000e3280000)
 ParOldGen       total 51712K, used 8496K [0x00000000a0000000, 0x00000000a3280000, 0x00000000e0000000)
  object space 51712K, 16% used [0x00000000a0000000,0x00000000a084c1f0,0x00000000a3280000)
 Metaspace       used 28987K, capacity 29584K, committed 29696K, reserved 1075200K
  class space    used 3905K, capacity 4095K, committed 4096K, reserved 1048576K
}

